<?xml version="1.0" encoding="UTF-8"?>
<robot generator="Robot 4.0.3 (Python 3.9.2 on win32)" generated="20210629 11:34:12.261" rpa="false" schemaversion="2">
<suite id="s1" name="TC 05 AddToShoppingCart" source="C:\Development\robot-scripts\nopcommerce - 1\Tests\TC_05_AddToShoppingCart.robot">
<test id="s1-t1" name="Search a product via the search box">
<kw name="Begin Web Test" library="CommonWeb" type="SETUP">
<kw name="Open Browser" library="SeleniumLibrary">
<arg>${URL}</arg>
<doc>Opens a new browser instance to the optional ``url``.</doc>
<msg timestamp="20210629 11:34:12.615" level="INFO">Opening browser 'firefox' to base url 'https://demo.nopcommerce.com/'.</msg>
<msg timestamp="20210629 11:34:12.624" level="INFO">Firefox driver log is always forced to to: C:\Development\robot-scripts\nopcommerce - 1\results\geckodriver-29.log</msg>
<status status="PASS" starttime="20210629 11:34:12.615" endtime="20210629 11:34:23.330"/>
</kw>
<status status="PASS" starttime="20210629 11:34:12.615" endtime="20210629 11:34:23.331"/>
</kw>
<kw name="Go to Landing page" library="nopCommerceApp">
<kw name="Navigate To" library="Landing">
<kw name="Go To" library="SeleniumLibrary">
<arg>https://demo.nopcommerce.com/</arg>
<doc>Navigates the current browser window to the provided ``url``.</doc>
<msg timestamp="20210629 11:34:23.335" level="INFO">Opening url 'https://demo.nopcommerce.com/'</msg>
<status status="PASS" starttime="20210629 11:34:23.335" endtime="20210629 11:34:24.576"/>
</kw>
<status status="PASS" starttime="20210629 11:34:23.334" endtime="20210629 11:34:24.577"/>
</kw>
<kw name="Verify Page Loaded" library="Landing">
<kw name="Wait Until Page Contains Element" library="SeleniumLibrary">
<arg>${LANDING_NAVIGATION_ELEMENT}</arg>
<doc>Waits until the element ``locator`` appears on the current page.</doc>
<status status="PASS" starttime="20210629 11:34:24.577" endtime="20210629 11:34:24.613"/>
</kw>
<status status="PASS" starttime="20210629 11:34:24.577" endtime="20210629 11:34:24.614"/>
</kw>
<status status="PASS" starttime="20210629 11:34:23.333" endtime="20210629 11:34:24.614"/>
</kw>
<kw name="Sleep" library="BuiltIn">
<arg>3s</arg>
<doc>Pauses the test executed for the given time.</doc>
<msg timestamp="20210629 11:34:27.631" level="INFO">Slept 3 seconds</msg>
<status status="PASS" starttime="20210629 11:34:24.616" endtime="20210629 11:34:27.631"/>
</kw>
<kw name="Select From List By Label" library="SeleniumLibrary">
<arg>id=customerCurrency</arg>
<arg>${CURRENCY}</arg>
<doc>Selects options from selection list ``locator`` by ``labels``.</doc>
<msg timestamp="20210629 11:34:27.639" level="INFO">Selecting options from selection list 'id=customerCurrency' by label Euro.</msg>
<status status="PASS" starttime="20210629 11:34:27.637" endtime="20210629 11:34:29.033"/>
</kw>
<kw name="Sleep" library="BuiltIn">
<arg>3s</arg>
<doc>Pauses the test executed for the given time.</doc>
<msg timestamp="20210629 11:34:32.043" level="INFO">Slept 3 seconds</msg>
<status status="PASS" starttime="20210629 11:34:29.039" endtime="20210629 11:34:32.043"/>
</kw>
<kw name="Input Text" library="SeleniumLibrary">
<arg>id=small-searchterms</arg>
<arg>${SEARCH_PRODUCT}</arg>
<doc>Types the given ``text`` into the text field identified by ``locator``.</doc>
<msg timestamp="20210629 11:34:32.045" level="INFO">Typing text 'Levi's 511 Jeans' into text field 'id=small-searchterms'.</msg>
<status status="PASS" starttime="20210629 11:34:32.045" endtime="20210629 11:34:32.108"/>
</kw>
<kw name="Sleep" library="BuiltIn">
<arg>3s</arg>
<doc>Pauses the test executed for the given time.</doc>
<msg timestamp="20210629 11:34:35.113" level="INFO">Slept 3 seconds</msg>
<status status="PASS" starttime="20210629 11:34:32.110" endtime="20210629 11:34:35.114"/>
</kw>
<kw name="Click Button" library="SeleniumLibrary">
<arg>css=#small-search-box-form &gt; button</arg>
<doc>Clicks the button identified by ``locator``.</doc>
<msg timestamp="20210629 11:34:35.115" level="INFO">Clicking button 'css=#small-search-box-form &gt; button'.</msg>
<status status="PASS" starttime="20210629 11:34:35.114" endtime="20210629 11:34:36.782"/>
</kw>
<kw name="Capture Page Screenshot" library="SeleniumLibrary">
<doc>Takes a screenshot of the current page and embeds it into a log file.</doc>
<msg timestamp="20210629 11:34:36.910" level="INFO" html="true">&lt;/td&gt;&lt;/tr&gt;&lt;tr&gt;&lt;td colspan="3"&gt;&lt;a href="selenium-screenshot-13.png"&gt;&lt;img src="selenium-screenshot-13.png" width="800px"&gt;&lt;/a&gt;</msg>
<status status="PASS" starttime="20210629 11:34:36.784" endtime="20210629 11:34:36.910"/>
</kw>
<kw name="End Web Test" library="CommonWeb" type="TEARDOWN">
<kw name="Close All Browsers" library="SeleniumLibrary">
<doc>Closes all open browsers and resets the browser cache.</doc>
<status status="PASS" starttime="20210629 11:34:36.912" endtime="20210629 11:34:38.094"/>
</kw>
<status status="PASS" starttime="20210629 11:34:36.911" endtime="20210629 11:34:38.094"/>
</kw>
<doc>Test Case 1</doc>
<tag>test1</tag>
<status status="PASS" starttime="20210629 11:34:12.614" endtime="20210629 11:34:38.095"/>
</test>
<test id="s1-t2" name="Add product to shopping cart">
<kw name="Begin Web Test" library="CommonWeb" type="SETUP">
<kw name="Open Browser" library="SeleniumLibrary">
<arg>${URL}</arg>
<doc>Opens a new browser instance to the optional ``url``.</doc>
<msg timestamp="20210629 11:34:38.097" level="INFO">Opening browser 'firefox' to base url 'https://demo.nopcommerce.com/'.</msg>
<msg timestamp="20210629 11:34:38.101" level="INFO">Firefox driver log is always forced to to: C:\Development\robot-scripts\nopcommerce - 1\results\geckodriver-30.log</msg>
<status status="PASS" starttime="20210629 11:34:38.097" endtime="20210629 11:34:48.027"/>
</kw>
<status status="PASS" starttime="20210629 11:34:38.097" endtime="20210629 11:34:48.027"/>
</kw>
<kw name="Go to Landing page" library="nopCommerceApp">
<kw name="Navigate To" library="Landing">
<kw name="Go To" library="SeleniumLibrary">
<arg>https://demo.nopcommerce.com/</arg>
<doc>Navigates the current browser window to the provided ``url``.</doc>
<msg timestamp="20210629 11:34:48.041" level="INFO">Opening url 'https://demo.nopcommerce.com/'</msg>
<status status="PASS" starttime="20210629 11:34:48.040" endtime="20210629 11:34:49.275"/>
</kw>
<status status="PASS" starttime="20210629 11:34:48.040" endtime="20210629 11:34:49.275"/>
</kw>
<kw name="Verify Page Loaded" library="Landing">
<kw name="Wait Until Page Contains Element" library="SeleniumLibrary">
<arg>${LANDING_NAVIGATION_ELEMENT}</arg>
<doc>Waits until the element ``locator`` appears on the current page.</doc>
<status status="PASS" starttime="20210629 11:34:49.276" endtime="20210629 11:34:49.307"/>
</kw>
<status status="PASS" starttime="20210629 11:34:49.275" endtime="20210629 11:34:49.308"/>
</kw>
<status status="PASS" starttime="20210629 11:34:48.039" endtime="20210629 11:34:49.308"/>
</kw>
<kw name="Sleep" library="BuiltIn">
<arg>3s</arg>
<doc>Pauses the test executed for the given time.</doc>
<msg timestamp="20210629 11:34:52.315" level="INFO">Slept 3 seconds</msg>
<status status="PASS" starttime="20210629 11:34:49.308" endtime="20210629 11:34:52.316"/>
</kw>
<kw name="Select From List By Label" library="SeleniumLibrary">
<arg>id=customerCurrency</arg>
<arg>${CURRENCY}</arg>
<doc>Selects options from selection list ``locator`` by ``labels``.</doc>
<msg timestamp="20210629 11:34:52.323" level="INFO">Selecting options from selection list 'id=customerCurrency' by label Euro.</msg>
<status status="PASS" starttime="20210629 11:34:52.323" endtime="20210629 11:34:53.887"/>
</kw>
<kw name="Sleep" library="BuiltIn">
<arg>3s</arg>
<doc>Pauses the test executed for the given time.</doc>
<msg timestamp="20210629 11:34:56.901" level="INFO">Slept 3 seconds</msg>
<status status="PASS" starttime="20210629 11:34:53.887" endtime="20210629 11:34:56.902"/>
</kw>
<kw name="Input Text" library="SeleniumLibrary">
<arg>id=small-searchterms</arg>
<arg>${SEARCH_PRODUCT}</arg>
<doc>Types the given ``text`` into the text field identified by ``locator``.</doc>
<msg timestamp="20210629 11:34:56.907" level="INFO">Typing text 'Levi's 511 Jeans' into text field 'id=small-searchterms'.</msg>
<status status="PASS" starttime="20210629 11:34:56.906" endtime="20210629 11:34:57.012"/>
</kw>
<kw name="Sleep" library="BuiltIn">
<arg>3s</arg>
<doc>Pauses the test executed for the given time.</doc>
<msg timestamp="20210629 11:35:00.016" level="INFO">Slept 3 seconds</msg>
<status status="PASS" starttime="20210629 11:34:57.016" endtime="20210629 11:35:00.017"/>
</kw>
<kw name="Click Button" library="SeleniumLibrary">
<arg>css=#small-search-box-form &gt; button</arg>
<doc>Clicks the button identified by ``locator``.</doc>
<msg timestamp="20210629 11:35:00.041" level="INFO">Clicking button 'css=#small-search-box-form &gt; button'.</msg>
<status status="PASS" starttime="20210629 11:35:00.040" endtime="20210629 11:35:00.837"/>
</kw>
<kw name="Capture Page Screenshot" library="SeleniumLibrary">
<doc>Takes a screenshot of the current page and embeds it into a log file.</doc>
<msg timestamp="20210629 11:35:00.961" level="INFO" html="true">&lt;/td&gt;&lt;/tr&gt;&lt;tr&gt;&lt;td colspan="3"&gt;&lt;a href="selenium-screenshot-14.png"&gt;&lt;img src="selenium-screenshot-14.png" width="800px"&gt;&lt;/a&gt;</msg>
<status status="PASS" starttime="20210629 11:35:00.838" endtime="20210629 11:35:00.961"/>
</kw>
<kw name="End Web Test" library="CommonWeb" type="TEARDOWN">
<kw name="Close All Browsers" library="SeleniumLibrary">
<doc>Closes all open browsers and resets the browser cache.</doc>
<status status="PASS" starttime="20210629 11:35:00.964" endtime="20210629 11:35:02.176"/>
</kw>
<status status="PASS" starttime="20210629 11:35:00.963" endtime="20210629 11:35:02.176"/>
</kw>
<doc>Test Case 2</doc>
<tag>test2</tag>
<status status="PASS" starttime="20210629 11:34:38.096" endtime="20210629 11:35:02.176"/>
</test>
<test id="s1-t3" name="Order Product">
<kw name="Begin Web Test" library="CommonWeb" type="SETUP">
<kw name="Open Browser" library="SeleniumLibrary">
<arg>${URL}</arg>
<doc>Opens a new browser instance to the optional ``url``.</doc>
<msg timestamp="20210629 11:35:02.178" level="INFO">Opening browser 'firefox' to base url 'https://demo.nopcommerce.com/'.</msg>
<msg timestamp="20210629 11:35:02.180" level="INFO">Firefox driver log is always forced to to: C:\Development\robot-scripts\nopcommerce - 1\results\geckodriver-31.log</msg>
<status status="PASS" starttime="20210629 11:35:02.178" endtime="20210629 11:35:11.429"/>
</kw>
<status status="PASS" starttime="20210629 11:35:02.177" endtime="20210629 11:35:11.429"/>
</kw>
<kw name="Go to Landing page" library="nopCommerceApp">
<kw name="Navigate To" library="Landing">
<kw name="Go To" library="SeleniumLibrary">
<arg>https://demo.nopcommerce.com/</arg>
<doc>Navigates the current browser window to the provided ``url``.</doc>
<msg timestamp="20210629 11:35:11.433" level="INFO">Opening url 'https://demo.nopcommerce.com/'</msg>
<status status="PASS" starttime="20210629 11:35:11.432" endtime="20210629 11:35:12.682"/>
</kw>
<status status="PASS" starttime="20210629 11:35:11.431" endtime="20210629 11:35:12.683"/>
</kw>
<kw name="Verify Page Loaded" library="Landing">
<kw name="Wait Until Page Contains Element" library="SeleniumLibrary">
<arg>${LANDING_NAVIGATION_ELEMENT}</arg>
<doc>Waits until the element ``locator`` appears on the current page.</doc>
<status status="PASS" starttime="20210629 11:35:12.683" endtime="20210629 11:35:12.733"/>
</kw>
<status status="PASS" starttime="20210629 11:35:12.683" endtime="20210629 11:35:12.734"/>
</kw>
<status status="PASS" starttime="20210629 11:35:11.430" endtime="20210629 11:35:12.734"/>
</kw>
<kw name="Sleep" library="BuiltIn">
<arg>3s</arg>
<doc>Pauses the test executed for the given time.</doc>
<msg timestamp="20210629 11:35:15.747" level="INFO">Slept 3 seconds</msg>
<status status="PASS" starttime="20210629 11:35:12.734" endtime="20210629 11:35:15.748"/>
</kw>
<kw name="Select From List By Label" library="SeleniumLibrary">
<arg>id=customerCurrency</arg>
<arg>${CURRENCY}</arg>
<doc>Selects options from selection list ``locator`` by ``labels``.</doc>
<msg timestamp="20210629 11:35:15.749" level="INFO">Selecting options from selection list 'id=customerCurrency' by label Euro.</msg>
<status status="PASS" starttime="20210629 11:35:15.749" endtime="20210629 11:35:17.882"/>
</kw>
<kw name="Sleep" library="BuiltIn">
<arg>3s</arg>
<doc>Pauses the test executed for the given time.</doc>
<msg timestamp="20210629 11:35:20.895" level="INFO">Slept 3 seconds</msg>
<status status="PASS" starttime="20210629 11:35:17.883" endtime="20210629 11:35:20.896"/>
</kw>
<kw name="Input Text" library="SeleniumLibrary">
<arg>id=small-searchterms</arg>
<arg>${SEARCH_PRODUCT}</arg>
<doc>Types the given ``text`` into the text field identified by ``locator``.</doc>
<msg timestamp="20210629 11:35:20.897" level="INFO">Typing text 'Levi's 511 Jeans' into text field 'id=small-searchterms'.</msg>
<status status="PASS" starttime="20210629 11:35:20.896" endtime="20210629 11:35:20.969"/>
</kw>
<kw name="Sleep" library="BuiltIn">
<arg>3s</arg>
<doc>Pauses the test executed for the given time.</doc>
<msg timestamp="20210629 11:35:23.987" level="INFO">Slept 3 seconds</msg>
<status status="PASS" starttime="20210629 11:35:20.977" endtime="20210629 11:35:23.987"/>
</kw>
<kw name="Click Button" library="SeleniumLibrary">
<arg>css=#small-search-box-form &gt; button</arg>
<doc>Clicks the button identified by ``locator``.</doc>
<msg timestamp="20210629 11:35:23.988" level="INFO">Clicking button 'css=#small-search-box-form &gt; button'.</msg>
<status status="PASS" starttime="20210629 11:35:23.988" endtime="20210629 11:35:24.663"/>
</kw>
<kw name="Sleep" library="BuiltIn">
<arg>3s</arg>
<doc>Pauses the test executed for the given time.</doc>
<msg timestamp="20210629 11:35:27.672" level="INFO">Slept 3 seconds</msg>
<status status="PASS" starttime="20210629 11:35:24.664" endtime="20210629 11:35:27.672"/>
</kw>
<kw name="Click Button" library="SeleniumLibrary">
<arg>css=body &gt; div.master-wrapper-page &gt; div.master-wrapper-content &gt; div &gt; div.center-2 &gt; div &gt; div.page-body &gt; div.search-results &gt; div &gt; div.products-wrapper &gt; div &gt; div &gt; div &gt; div &gt; div.details &gt; div.add-info &gt; div.buttons &gt; button.button-2.product-box-add-to-cart-button</arg>
<doc>Clicks the button identified by ``locator``.</doc>
<msg timestamp="20210629 11:35:27.673" level="INFO">Clicking button 'css=body &gt; div.master-wrapper-page &gt; div.master-wrapper-content &gt; div &gt; div.center-2 &gt; div &gt; div.page-body &gt; div.search-results &gt; div &gt; div.products-wrapper &gt; div &gt; div &gt; div &gt; div &gt; div.details &gt; div.add-info &gt; div.buttons &gt; button.button-2.product-box-add-to-cart-button'.</msg>
<status status="PASS" starttime="20210629 11:35:27.673" endtime="20210629 11:35:27.907"/>
</kw>
<kw name="Sleep" library="BuiltIn">
<arg>3s</arg>
<doc>Pauses the test executed for the given time.</doc>
<msg timestamp="20210629 11:35:30.920" level="INFO">Slept 3 seconds</msg>
<status status="PASS" starttime="20210629 11:35:27.908" endtime="20210629 11:35:30.920"/>
</kw>
<kw name="Click Link" library="SeleniumLibrary">
<arg>xpath://a[text()='Shopping cart']</arg>
<doc>Clicks a link identified by ``locator``.</doc>
<msg timestamp="20210629 11:35:30.921" level="INFO">Clicking link 'xpath://a[text()='Shopping cart']'.</msg>
<status status="PASS" starttime="20210629 11:35:30.920" endtime="20210629 11:35:32.227"/>
</kw>
<kw name="Sleep" library="BuiltIn">
<arg>5s</arg>
<doc>Pauses the test executed for the given time.</doc>
<msg timestamp="20210629 11:35:37.239" level="INFO">Slept 5 seconds</msg>
<status status="PASS" starttime="20210629 11:35:32.228" endtime="20210629 11:35:37.241"/>
</kw>
<kw name="Set Variable" library="BuiltIn">
<arg>id=itemquantity11221</arg>
<arg>${QUANTITY}</arg>
<doc>Returns the given values which can then be assigned to a variables.</doc>
<status status="PASS" starttime="20210629 11:35:37.244" endtime="20210629 11:35:37.249"/>
</kw>
<kw name="Sleep" library="BuiltIn">
<arg>5s</arg>
<doc>Pauses the test executed for the given time.</doc>
<msg timestamp="20210629 11:35:42.261" level="INFO">Slept 5 seconds</msg>
<status status="PASS" starttime="20210629 11:35:37.252" endtime="20210629 11:35:42.262"/>
</kw>
<kw name="Click Button" library="SeleniumLibrary">
<arg>css=#shopping-cart-form &gt; div.cart-options &gt; div.common-buttons &gt; button.button-2.update-cart-button</arg>
<doc>Clicks the button identified by ``locator``.</doc>
<msg timestamp="20210629 11:35:42.270" level="INFO">Clicking button 'css=#shopping-cart-form &gt; div.cart-options &gt; div.common-buttons &gt; button.button-2.update-cart-button'.</msg>
<status status="PASS" starttime="20210629 11:35:42.269" endtime="20210629 11:35:42.876"/>
</kw>
<kw name="Sleep" library="BuiltIn">
<arg>5</arg>
<doc>Pauses the test executed for the given time.</doc>
<msg timestamp="20210629 11:35:47.883" level="INFO">Slept 5 seconds</msg>
<status status="PASS" starttime="20210629 11:35:42.877" endtime="20210629 11:35:47.884"/>
</kw>
<kw name="Click Button" library="SeleniumLibrary">
<arg>css=#shopping-cart-form &gt; div.cart-options &gt; div.common-buttons &gt; button.button-2.continue-shopping-button</arg>
<doc>Clicks the button identified by ``locator``.</doc>
<msg timestamp="20210629 11:35:47.891" level="INFO">Clicking button 'css=#shopping-cart-form &gt; div.cart-options &gt; div.common-buttons &gt; button.button-2.continue-shopping-button'.</msg>
<status status="PASS" starttime="20210629 11:35:47.890" endtime="20210629 11:35:48.743"/>
</kw>
<kw name="Sleep" library="BuiltIn">
<arg>3</arg>
<doc>Pauses the test executed for the given time.</doc>
<msg timestamp="20210629 11:35:51.749" level="INFO">Slept 3 seconds</msg>
<status status="PASS" starttime="20210629 11:35:48.744" endtime="20210629 11:35:51.750"/>
</kw>
<kw name="Capture Page Screenshot" library="SeleniumLibrary">
<doc>Takes a screenshot of the current page and embeds it into a log file.</doc>
<msg timestamp="20210629 11:35:51.863" level="INFO" html="true">&lt;/td&gt;&lt;/tr&gt;&lt;tr&gt;&lt;td colspan="3"&gt;&lt;a href="selenium-screenshot-15.png"&gt;&lt;img src="selenium-screenshot-15.png" width="800px"&gt;&lt;/a&gt;</msg>
<status status="PASS" starttime="20210629 11:35:51.752" endtime="20210629 11:35:51.863"/>
</kw>
<kw name="End Web Test" library="CommonWeb" type="TEARDOWN">
<kw name="Close All Browsers" library="SeleniumLibrary">
<doc>Closes all open browsers and resets the browser cache.</doc>
<status status="PASS" starttime="20210629 11:35:51.864" endtime="20210629 11:35:52.900"/>
</kw>
<status status="PASS" starttime="20210629 11:35:51.863" endtime="20210629 11:35:52.900"/>
</kw>
<doc>Test Case 3</doc>
<tag>test3</tag>
<status status="PASS" starttime="20210629 11:35:02.177" endtime="20210629 11:35:52.902"/>
</test>
<doc>Test Suite "nopCommerce Shop"</doc>
<status status="PASS" starttime="20210629 11:34:12.265" endtime="20210629 11:35:52.903"/>
</suite>
<statistics>
<total>
<stat pass="3" fail="0" skip="0">All Tests</stat>
</total>
<tag>
<stat pass="1" fail="0" skip="0">test1</stat>
<stat pass="1" fail="0" skip="0">test2</stat>
<stat pass="1" fail="0" skip="0">test3</stat>
</tag>
<suite>
<stat pass="3" fail="0" skip="0" id="s1" name="TC 05 AddToShoppingCart">TC 05 AddToShoppingCart</stat>
</suite>
</statistics>
<errors>
<msg timestamp="20210629 11:34:12.590" level="ERROR">Error in file 'C:\Development\robot-scripts\nopcommerce - 1\Resources\nopCommerceApp.robot' on line 2: Resource file 'Ressources\Configuration.robot' does not exist.</msg>
<msg timestamp="20210629 11:34:12.603" level="ERROR">Error in file 'C:\Development\robot-scripts\nopcommerce - 1\Resources\PO\Landing.robot' on line 3: Resource file '\Ressources\Configuration.robot' does not exist.</msg>
</errors>
</robot>
